<?xml version="1.0" encoding="UTF-8"?>
<!-- Generated by org.testng.reporters.JUnitReportReporter -->
<testsuite hostname="PJadhav" failures="0" tests="5" name="testcases.TC_003_LoginDDTest" time="63.154" errors="0" timestamp="2023-09-11T17:42:42 EDT" skipped="0">
  <testcase classname="testcases.TC_003_LoginDDTest" name="validateDDUserLogin" time="15.455"/>
  <testcase classname="testcases.TC_003_LoginDDTest" name="validateDDUserLogin" time="15.786"/>
  <testcase classname="testcases.TC_003_LoginDDTest" name="validateDDUserLogin" time="1.088"/>
  <testcase classname="testcases.TC_003_LoginDDTest" name="validateDDUserLogin" time="15.383"/>
  <testcase classname="testcases.TC_003_LoginDDTest" name="validateDDUserLogin" time="15.442"/>
</testsuite> <!-- testcases.TC_003_LoginDDTest -->
