<?xml version="1.0" encoding="UTF-8"?>
<!-- Generated by org.testng.reporters.JUnitReportReporter -->
<testsuite hostname="PJadhav" failures="0" tests="1" name="testcases.TC_002_LoginTest" time="0.758" errors="0" timestamp="2023-09-11T18:02:29 EDT" skipped="0">
  <testcase classname="testcases.TC_002_LoginTest" name="validateUserLogin" time="0.758"/>
</testsuite> <!-- testcases.TC_002_LoginTest -->
