<?xml version="1.0" encoding="UTF-8"?>
<!-- Generated by org.testng.reporters.JUnitReportReporter -->
<testsuite hostname="PJadhav" failures="0" tests="1" name="testcases.TC_001_AccountRegistration" time="3.820" errors="0" timestamp="2023-09-11T18:02:29 EDT" skipped="0">
  <testcase classname="testcases.TC_001_AccountRegistration" name="testAccountRegistration" time="3.820"/>
</testsuite> <!-- testcases.TC_001_AccountRegistration -->
